0 verbose cli /opt/homebrew/Cellar/node/25.7.0/bin/node /opt/homebrew/bin/npm
1 info using npm@11.10.1
2 info using node@v25.7.0
3 silly config load:file:/opt/homebrew/lib/node_modules/npm/npmrc
4 silly config load:file:/Users/rico.fritzsche/code/factstore/factstr-node/smoke/.npmrc
5 silly config load:file:/Users/rico.fritzsche/.npmrc
6 silly config load:file:/opt/homebrew/etc/npmrc
7 verbose title npm install /Users/rico.fritzsche/code/factstore/factstr-node/factstr-node-0.1.0.tgz /Users/rico.fritzsche/code/factstore/factstr-node/npm/darwin-arm64/factstr-node-darwin-arm64-0.1.0.tgz
8 verbose argv "install" "--no-package-lock" "--no-save" "/Users/rico.fritzsche/code/factstore/factstr-node/factstr-node-0.1.0.tgz" "/Users/rico.fritzsche/code/factstore/factstr-node/npm/darwin-arm64/factstr-node-darwin-arm64-0.1.0.tgz"
9 verbose logfile logs-max:10 dir:/Users/rico.fritzsche/code/factstore/factstr-node/.npm-cache/_logs/2026-04-29T11_45_03_085Z-
10 verbose logfile /Users/rico.fritzsche/code/factstore/factstr-node/.npm-cache/_logs/2026-04-29T11_45_03_085Z-debug-0.log
11 silly logfile start cleaning logs, removing 1 files
12 silly packumentCache heap:4496293888 maxSize:1124073472 maxEntrySize:562036736
13 silly logfile done cleaning log files
14 silly idealTree buildDeps
15 silly fetch manifest factstr-node@file:../factstr-node-0.1.0.tgz
16 silly fetch manifest factstr-node-darwin-arm64@file:../npm/darwin-arm64/factstr-node-darwin-arm64-0.1.0.tgz
17 silly placeDep ROOT factstr-node@0.1.0 REPLACE for:  want: file:../factstr-node-0.1.0.tgz
18 silly placeDep ROOT factstr-node-darwin-arm64@0.1.0 OK for:  want: file:../npm/darwin-arm64/factstr-node-darwin-arm64-0.1.0.tgz
19 silly fetch manifest factstr-node-darwin-arm64@0.1.0
20 silly packumentCache full:https://registry.npmjs.org/factstr-node-darwin-arm64 cache-miss
21 silly fetch manifest factstr-node-darwin-x64@0.1.0
22 silly packumentCache full:https://registry.npmjs.org/factstr-node-darwin-x64 cache-miss
23 silly fetch manifest factstr-node-linux-x64-gnu@0.1.0
24 silly packumentCache full:https://registry.npmjs.org/factstr-node-linux-x64-gnu cache-miss
25 silly fetch manifest factstr-node-win32-x64-msvc@0.1.0
26 silly packumentCache full:https://registry.npmjs.org/factstr-node-win32-x64-msvc cache-miss
27 http fetch GET https://registry.npmjs.org/factstr-node-darwin-arm64 attempt 1 failed with ENOTFOUND
28 http fetch GET https://registry.npmjs.org/factstr-node-darwin-x64 attempt 1 failed with ENOTFOUND
29 http fetch GET https://registry.npmjs.org/factstr-node-linux-x64-gnu attempt 1 failed with ENOTFOUND
30 http fetch GET https://registry.npmjs.org/factstr-node-win32-x64-msvc attempt 1 failed with ENOTFOUND
31 http fetch GET https://registry.npmjs.org/factstr-node-darwin-arm64 attempt 2 failed with ENOTFOUND
32 http fetch GET https://registry.npmjs.org/factstr-node-darwin-x64 attempt 2 failed with ENOTFOUND
33 http fetch GET https://registry.npmjs.org/factstr-node-linux-x64-gnu attempt 2 failed with ENOTFOUND
34 http fetch GET https://registry.npmjs.org/factstr-node-win32-x64-msvc attempt 2 failed with ENOTFOUND
35 http fetch GET https://registry.npmjs.org/factstr-node-darwin-arm64 attempt 3 failed with ENOTFOUND
36 http fetch GET https://registry.npmjs.org/factstr-node-darwin-x64 attempt 3 failed with ENOTFOUND
37 http fetch GET https://registry.npmjs.org/factstr-node-linux-x64-gnu attempt 3 failed with ENOTFOUND
38 http fetch GET https://registry.npmjs.org/factstr-node-win32-x64-msvc attempt 3 failed with ENOTFOUND
39 silly fetch manifest factstr-node-darwin-x64@0.1.0
40 silly packumentCache full:https://registry.npmjs.org/factstr-node-darwin-x64 cache-miss
41 http fetch GET https://registry.npmjs.org/factstr-node-darwin-x64 attempt 1 failed with ENOTFOUND
42 http fetch GET https://registry.npmjs.org/factstr-node-darwin-x64 attempt 2 failed with ENOTFOUND
43 http fetch GET https://registry.npmjs.org/factstr-node-darwin-x64 attempt 3 failed with ENOTFOUND
44 silly fetch manifest factstr-node-linux-x64-gnu@0.1.0
45 silly packumentCache full:https://registry.npmjs.org/factstr-node-linux-x64-gnu cache-miss
46 http fetch GET https://registry.npmjs.org/factstr-node-linux-x64-gnu attempt 1 failed with ENOTFOUND
47 http fetch GET https://registry.npmjs.org/factstr-node-linux-x64-gnu attempt 2 failed with ENOTFOUND
48 http fetch GET https://registry.npmjs.org/factstr-node-linux-x64-gnu attempt 3 failed with ENOTFOUND
49 silly fetch manifest factstr-node-win32-x64-msvc@0.1.0
50 silly packumentCache full:https://registry.npmjs.org/factstr-node-win32-x64-msvc cache-miss
51 http fetch GET https://registry.npmjs.org/factstr-node-win32-x64-msvc attempt 1 failed with ENOTFOUND
52 http fetch GET https://registry.npmjs.org/factstr-node-win32-x64-msvc attempt 2 failed with ENOTFOUND
53 http fetch GET https://registry.npmjs.org/factstr-node-win32-x64-msvc attempt 3 failed with ENOTFOUND
54 silly placeDep node_modules/factstr-node factstr-node-darwin-x64@ OK for: factstr-node@0.1.0 want: 0.1.0
55 silly placeDep node_modules/factstr-node factstr-node-linux-x64-gnu@ OK for: factstr-node@0.1.0 want: 0.1.0
56 silly placeDep node_modules/factstr-node factstr-node-win32-x64-msvc@ OK for: factstr-node@0.1.0 want: 0.1.0
57 silly reify mark retired [
57 silly reify   '/Users/rico.fritzsche/code/factstore/factstr-node/smoke/node_modules/factstr-node'
57 silly reify ]
58 silly reify moves {
58 silly reify   '/Users/rico.fritzsche/code/factstore/factstr-node/smoke/node_modules/factstr-node': '/Users/rico.fritzsche/code/factstore/factstr-node/smoke/node_modules/.factstr-node-q6sdb9pR'
58 silly reify }
59 silly audit bulk request {
59 silly audit   'factstr-node': [ '0.1.0' ],
59 silly audit   'factstr-node-darwin-arm64': [ '0.1.0' ]
59 silly audit }
60 verbose audit error FetchError: request to https://registry.npmjs.org/-/npm/v1/security/advisories/bulk failed, reason: getaddrinfo ENOTFOUND registry.npmjs.org
60 verbose audit error     at ClientRequest.<anonymous> (/opt/homebrew/lib/node_modules/npm/node_modules/minipass-fetch/lib/index.js:130:14)
60 verbose audit error     at ClientRequest.emit (node:events:508:20)
60 verbose audit error     at emitErrorEvent (node:_http_client:108:11)
60 verbose audit error     at _destroy (node:_http_client:975:9)
60 verbose audit error     at onSocketNT (node:_http_client:995:5)
60 verbose audit error     at process.processTicksAndRejections (node:internal/process/task_queues:91:21) {
60 verbose audit error   code: 'ENOTFOUND',
60 verbose audit error   errno: 'ENOTFOUND',
60 verbose audit error   syscall: 'getaddrinfo',
60 verbose audit error   hostname: 'registry.npmjs.org',
60 verbose audit error   type: 'system'
60 verbose audit error }
61 silly audit error undefined
62 silly audit report null
63 http cache factstr-node@file:/Users/rico.fritzsche/code/factstore/factstr-node/factstr-node-0.1.0.tgz 0ms (cache hit)
64 http cache factstr-node-darwin-arm64@file:/Users/rico.fritzsche/code/factstore/factstr-node/npm/darwin-arm64/factstr-node-darwin-arm64-0.1.0.tgz 0ms (cache hit)
65 silly ADD node_modules/factstr-node-darwin-arm64
66 silly CHANGE node_modules/factstr-node
67 verbose cwd /Users/rico.fritzsche/code/factstore/factstr-node/smoke
68 verbose os Darwin 24.6.0
69 verbose node v25.7.0
70 verbose npm  v11.10.1
71 verbose exit 0
72 info ok
