0 verbose cli /Users/rico.fritzsche/.nvm/versions/node/v18.19.0/bin/node /Users/rico.fritzsche/.nvm/versions/node/v18.19.0/bin/npm
1 info using npm@10.8.1
2 info using node@v18.19.0
3 silly config load:file:/Users/rico.fritzsche/.nvm/versions/node/v18.19.0/lib/node_modules/npm/npmrc
4 silly config load:file:/Users/rico.fritzsche/code/factstore/factstr-node/smoke/.npmrc
5 silly config load:file:/Users/rico.fritzsche/.npmrc
6 silly config load:file:/Users/rico.fritzsche/.nvm/versions/node/v18.19.0/etc/npmrc
7 verbose title npm install /Users/rico.fritzsche/code/factstore/factstr-node/factstr-node-0.1.0.tgz /Users/rico.fritzsche/code/factstore/factstr-node/npm/darwin-arm64/factstr-node-darwin-arm64-0.1.0.tgz
8 verbose argv "install" "--offline" "--no-package-lock" "--no-save" "/Users/rico.fritzsche/code/factstore/factstr-node/factstr-node-0.1.0.tgz" "/Users/rico.fritzsche/code/factstore/factstr-node/npm/darwin-arm64/factstr-node-darwin-arm64-0.1.0.tgz"
9 verbose logfile logs-max:10 dir:/Users/rico.fritzsche/code/factstore/factstr-node/.npm-cache/_logs/2026-04-29T11_48_42_940Z-
10 verbose logfile /Users/rico.fritzsche/code/factstore/factstr-node/.npm-cache/_logs/2026-04-29T11_48_42_940Z-debug-0.log
11 silly packumentCache heap:4345298944 maxSize:1086324736 maxEntrySize:543162368
12 silly logfile start cleaning logs, removing 1 files
13 silly logfile done cleaning log files
14 silly idealTree buildDeps
15 silly fetch manifest factstr-node@file:../factstr-node-0.1.0.tgz
16 silly fetch manifest factstr-node-darwin-arm64@file:../npm/darwin-arm64/factstr-node-darwin-arm64-0.1.0.tgz
17 silly placeDep ROOT factstr-node@0.1.0 REPLACE for:  want: file:../factstr-node-0.1.0.tgz
18 silly placeDep ROOT factstr-node-darwin-arm64@0.1.0 REPLACE for:  want: file:../npm/darwin-arm64/factstr-node-darwin-arm64-0.1.0.tgz
19 silly fetch manifest factstr-node-darwin-x64@0.1.0
20 silly packumentCache full:https://registry.npmjs.org/factstr-node-darwin-x64 cache-miss
21 silly fetch manifest factstr-node-linux-x64-gnu@0.1.0
22 silly packumentCache full:https://registry.npmjs.org/factstr-node-linux-x64-gnu cache-miss
23 silly fetch manifest factstr-node-win32-x64-msvc@0.1.0
24 silly packumentCache full:https://registry.npmjs.org/factstr-node-win32-x64-msvc cache-miss
25 silly fetch manifest factstr-node-darwin-x64@0.1.0
26 silly packumentCache full:https://registry.npmjs.org/factstr-node-darwin-x64 cache-miss
27 silly fetch manifest factstr-node-linux-x64-gnu@0.1.0
28 silly packumentCache full:https://registry.npmjs.org/factstr-node-linux-x64-gnu cache-miss
29 silly fetch manifest factstr-node-win32-x64-msvc@0.1.0
30 silly packumentCache full:https://registry.npmjs.org/factstr-node-win32-x64-msvc cache-miss
31 silly placeDep node_modules/factstr-node factstr-node-darwin-x64@ OK for: factstr-node@0.1.0 want: 0.1.0
32 silly placeDep node_modules/factstr-node factstr-node-linux-x64-gnu@ OK for: factstr-node@0.1.0 want: 0.1.0
33 silly placeDep node_modules/factstr-node factstr-node-win32-x64-msvc@ OK for: factstr-node@0.1.0 want: 0.1.0
34 silly reify moves {}
35 silly audit report null
36 verbose cwd /Users/rico.fritzsche/code/factstore/factstr-node/smoke
37 verbose os Darwin 24.6.0
38 verbose node v18.19.0
39 verbose npm  v10.8.1
40 verbose exit 0
41 info ok
